# JRE version: OpenJDK Runtime Environment (17.0.6) (build 17.0.6+0-b2043.56-10027231)
# Java VM: OpenJDK 64-Bit Server VM (17.0.6+0-b2043.56-10027231, mixed mode, tiered, compressed oops, compressed class ptrs, g1 gc, windows-amd64)
GC Precious Log:
 CPUs: 4 total, 4 available
 Memory: 3790M
 Large Page Support: Disabled
 NUMA Support: Disabled
 Compressed Oops: Enabled (32-bit)
 Heap Region Size: 1M
 Heap Min Capacity: 8M
 Heap Initial Capacity: 60M
 Heap Max Capacity: 2G
 Pre-touch: Disabled
 Parallel Workers: 4
 Concurrent Workers: 1
 Concurrent Refinement Workers: 4
 Periodic GC: Disabled
Heap:
 garbage-first heap   total 288768K, used 113089K [0x0000000080000000, 0x0000000100000000)
  region size 1024K, 4 young (4096K), 4 survivors (4096K)
 Metaspace       used 103200K, committed 103872K, reserved 1138688K
  class space    used 13828K, committed 14144K, reserved 1048576K
GC Heap History (20 events):
Event: 70.502 GC heap after
{Heap after GC invocations=51 (full 0):
 garbage-first heap   total 114688K, used 67613K [0x0000000080000000, 0x0000000100000000)
  region size 1024K, 2 young (2048K), 2 survivors (2048K)
 Metaspace       used 78724K, committed 79296K, reserved 1122304K
  class space    used 10378K, committed 10688K, reserved 1048576K
}
Event: 73.202 GC heap before
{Heap before GC invocations=52 (full 0):
 garbage-first heap   total 117760K, used 93213K [0x0000000080000000, 0x0000000100000000)
  region size 1024K, 26 young (26624K), 2 survivors (2048K)
 Metaspace       used 81672K, committed 82304K, reserved 1122304K
  class space    used 10950K, committed 11264K, reserved 1048576K
}
Event: 73.213 GC heap after
{Heap after GC invocations=53 (full 0):
 garbage-first heap   total 117760K, used 68649K [0x0000000080000000, 0x0000000100000000)
  region size 1024K, 3 young (3072K), 3 survivors (3072K)
 Metaspace       used 81672K, committed 82304K, reserved 1122304K
  class space    used 10950K, committed 11264K, reserved 1048576K
}
Event: 73.333 GC heap before
{Heap before GC invocations=53 (full 0):
 garbage-first heap   total 117760K, used 69673K [0x0000000080000000, 0x0000000100000000)
  region size 1024K, 5 young (5120K), 3 survivors (3072K)
 Metaspace       used 81927K, committed 82496K, reserved 1122304K
  class space    used 10990K, committed 11264K, reserved 1048576K
}
Event: 73.361 GC heap after
{Heap after GC invocations=54 (full 0):
 garbage-first heap   total 117760K, used 68635K [0x0000000080000000, 0x0000000100000000)
  region size 1024K, 1 young (1024K), 1 survivors (1024K)
 Metaspace       used 81927K, committed 82496K, reserved 1122304K
  class space    used 10990K, committed 11264K, reserved 1048576K
}
Event: 74.668 GC heap before
{Heap before GC invocations=54 (full 0):
 garbage-first heap   total 117760K, used 95259K [0x0000000080000000, 0x0000000100000000)
  region size 1024K, 27 young (27648K), 1 survivors (1024K)
 Metaspace       used 84667K, committed 85184K, reserved 1130496K
  class space    used 11384K, committed 11648K, reserved 1048576K
}
Event: 74.680 GC heap after
{Heap after GC invocations=55 (full 0):
 garbage-first heap   total 288768K, used 70092K [0x0000000080000000, 0x0000000100000000)
  region size 1024K, 2 young (2048K), 2 survivors (2048K)
 Metaspace       used 84667K, committed 85184K, reserved 1130496K
  class space    used 11384K, committed 11648K, reserved 1048576K
}
Event: 82.196 GC heap before
{Heap before GC invocations=56 (full 0):
 garbage-first heap   total 242688K, used 185804K [0x0000000080000000, 0x0000000100000000)
  region size 1024K, 115 young (117760K), 2 survivors (2048K)
 Metaspace       used 94456K, committed 95040K, reserved 1138688K
  class space    used 12779K, committed 13056K, reserved 1048576K
}
Event: 82.326 GC heap after
{Heap after GC invocations=57 (full 0):
 garbage-first heap   total 242688K, used 81420K [0x0000000080000000, 0x0000000100000000)
  region size 1024K, 13 young (13312K), 13 survivors (13312K)
 Metaspace       used 94456K, committed 95040K, reserved 1138688K
  class space    used 12779K, committed 13056K, reserved 1048576K
}
Event: 82.338 GC heap before
{Heap before GC invocations=57 (full 0):
 garbage-first heap   total 242688K, used 82444K [0x0000000080000000, 0x0000000100000000)
  region size 1024K, 14 young (14336K), 13 survivors (13312K)
 Metaspace       used 94457K, committed 95040K, reserved 1138688K
  class space    used 12779K, committed 13056K, reserved 1048576K
}
Event: 82.623 GC heap after
{Heap after GC invocations=58 (full 0):
 garbage-first heap   total 242688K, used 82772K [0x0000000080000000, 0x0000000100000000)
  region size 1024K, 2 young (2048K), 2 survivors (2048K)
 Metaspace       used 94457K, committed 95040K, reserved 1138688K
  class space    used 12779K, committed 13056K, reserved 1048576K
}
Event: 91.234 GC heap before
{Heap before GC invocations=58 (full 0):
 garbage-first heap   total 242688K, used 148308K [0x0000000080000000, 0x0000000100000000)
  region size 1024K, 66 young (67584K), 2 survivors (2048K)
 Metaspace       used 97821K, committed 98432K, reserved 1138688K
  class space    used 13174K, committed 13440K, reserved 1048576K
}
Event: 91.727 GC heap after
{Heap after GC invocations=59 (full 0):
 garbage-first heap   total 242688K, used 91617K [0x0000000080000000, 0x0000000100000000)
  region size 1024K, 9 young (9216K), 9 survivors (9216K)
 Metaspace       used 97821K, committed 98432K, reserved 1138688K
  class space    used 13174K, committed 13440K, reserved 1048576K
}
Event: 91.943 GC heap before
{Heap before GC invocations=59 (full 0):
 garbage-first heap   total 242688K, used 92641K [0x0000000080000000, 0x0000000100000000)
  region size 1024K, 11 young (11264K), 9 survivors (9216K)
 Metaspace       used 97823K, committed 98432K, reserved 1138688K
  class space    used 13174K, committed 13440K, reserved 1048576K
}
Event: 92.106 GC heap after
{Heap after GC invocations=60 (full 0):
 garbage-first heap   total 242688K, used 93126K [0x0000000080000000, 0x0000000100000000)
  region size 1024K, 2 young (2048K), 2 survivors (2048K)
 Metaspace       used 97823K, committed 98432K, reserved 1138688K
  class space    used 13174K, committed 13440K, reserved 1048576K
}
Event: 95.909 GC heap before
{Heap before GC invocations=60 (full 0):
 garbage-first heap   total 242688K, used 147398K [0x0000000080000000, 0x0000000100000000)
  region size 1024K, 54 young (55296K), 2 survivors (2048K)
 Metaspace       used 100854K, committed 101568K, reserved 1138688K
  class space    used 13583K, committed 13952K, reserved 1048576K
}
Event: 95.964 GC heap after
{Heap after GC invocations=61 (full 0):
 garbage-first heap   total 242688K, used 101746K [0x0000000080000000, 0x0000000100000000)
  region size 1024K, 7 young (7168K), 7 survivors (7168K)
 Metaspace       used 100854K, committed 101568K, reserved 1138688K
  class space    used 13583K, committed 13952K, reserved 1048576K
}
Event: 96.886 GC heap before
{Heap before GC invocations=61 (full 0):
 garbage-first heap   total 242688K, used 121202K [0x0000000080000000, 0x0000000100000000)
  region size 1024K, 27 young (27648K), 7 survivors (7168K)
 Metaspace       used 101361K, committed 102080K, reserved 1138688K
  class space    used 13630K, committed 14016K, reserved 1048576K
}
Event: 96.986 GC heap after
{Heap after GC invocations=62 (full 0):
 garbage-first heap   total 242688K, used 109366K [0x0000000080000000, 0x0000000100000000)
  region size 1024K, 4 young (4096K), 4 survivors (4096K)
 Metaspace       used 101361K, committed 102080K, reserved 1138688K
  class space    used 13630K, committed 14016K, reserved 1048576K
}
Event: 98.618 GC heap before
{Heap before GC invocations=62 (full 0):
 garbage-first heap   total 242688K, used 145206K [0x0000000080000000, 0x0000000100000000)
  region size 1024K, 25 young (25600K), 4 survivors (4096K)
 Metaspace       used 103200K, committed 103872K, reserved 1138688K
  class space    used 13828K, committed 14144K, reserved 1048576K
}

