# JRE version: OpenJDK Runtime Environment (17.0.6) (build 17.0.6+0-b2043.56-10027231)
# Java VM: OpenJDK 64-Bit Server VM (17.0.6+0-b2043.56-10027231, mixed mode, tiered, compressed oops, compressed class ptrs, g1 gc, windows-amd64)
GC Precious Log:
 CPUs: 4 total, 4 available
 Memory: 3790M
 Large Page Support: Disabled
 NUMA Support: Disabled
 Compressed Oops: Enabled (32-bit)
 Heap Region Size: 1M
 Heap Min Capacity: 8M
 Heap Initial Capacity: 60M
 Heap Max Capacity: 2G
 Pre-touch: Disabled
 Parallel Workers: 4
 Concurrent Workers: 1
 Concurrent Refinement Workers: 4
 Periodic GC: Disabled
Heap:
 garbage-first heap   total 96256K, used 67234K [0x0000000080000000, 0x0000000100000000)
  region size 1024K, 12 young (12288K), 3 survivors (3072K)
 Metaspace       used 65383K, committed 65920K, reserved 1105920K
  class space    used 8623K, committed 8832K, reserved 1048576K
GC Heap History (20 events):
Event: 89.088 GC heap before
{Heap before GC invocations=19 (full 0):
 garbage-first heap   total 73728K, used 39273K [0x0000000080000000, 0x0000000100000000)
  region size 1024K, 4 young (4096K), 2 survivors (2048K)
 Metaspace       used 53589K, committed 54080K, reserved 1097728K
  class space    used 7135K, committed 7360K, reserved 1048576K
}
Event: 89.093 GC heap after
{Heap after GC invocations=20 (full 0):
 garbage-first heap   total 73728K, used 40895K [0x0000000080000000, 0x0000000100000000)
  region size 1024K, 2 young (2048K), 2 survivors (2048K)
 Metaspace       used 53589K, committed 54080K, reserved 1097728K
  class space    used 7135K, committed 7360K, reserved 1048576K
}
Event: 89.264 GC heap before
{Heap before GC invocations=21 (full 0):
 garbage-first heap   total 78848K, used 46015K [0x0000000080000000, 0x0000000100000000)
  region size 1024K, 6 young (6144K), 2 survivors (2048K)
 Metaspace       used 53662K, committed 54144K, reserved 1097728K
  class space    used 7145K, committed 7360K, reserved 1048576K
}
Event: 89.267 GC heap after
{Heap after GC invocations=22 (full 0):
 garbage-first heap   total 78848K, used 45527K [0x0000000080000000, 0x0000000100000000)
  region size 1024K, 2 young (2048K), 2 survivors (2048K)
 Metaspace       used 53662K, committed 54144K, reserved 1097728K
  class space    used 7145K, committed 7360K, reserved 1048576K
}
Event: 89.439 GC heap before
{Heap before GC invocations=23 (full 0):
 garbage-first heap   total 86016K, used 49623K [0x0000000080000000, 0x0000000100000000)
  region size 1024K, 4 young (4096K), 2 survivors (2048K)
 Metaspace       used 53662K, committed 54144K, reserved 1097728K
  class space    used 7145K, committed 7360K, reserved 1048576K
}
Event: 89.442 GC heap after
{Heap after GC invocations=24 (full 0):
 garbage-first heap   total 86016K, used 51551K [0x0000000080000000, 0x0000000100000000)
  region size 1024K, 2 young (2048K), 2 survivors (2048K)
 Metaspace       used 53662K, committed 54144K, reserved 1097728K
  class space    used 7145K, committed 7360K, reserved 1048576K
}
Event: 89.900 GC heap before
{Heap before GC invocations=25 (full 0):
 garbage-first heap   total 91136K, used 60767K [0x0000000080000000, 0x0000000100000000)
  region size 1024K, 11 young (11264K), 2 survivors (2048K)
 Metaspace       used 54659K, committed 55104K, reserved 1097728K
  class space    used 7271K, committed 7488K, reserved 1048576K
}
Event: 89.902 GC heap after
{Heap after GC invocations=26 (full 0):
 garbage-first heap   total 91136K, used 52665K [0x0000000080000000, 0x0000000100000000)
  region size 1024K, 2 young (2048K), 2 survivors (2048K)
 Metaspace       used 54659K, committed 55104K, reserved 1097728K
  class space    used 7271K, committed 7488K, reserved 1048576K
}
Event: 90.507 GC heap before
{Heap before GC invocations=26 (full 0):
 garbage-first heap   total 91136K, used 62905K [0x0000000080000000, 0x0000000100000000)
  region size 1024K, 13 young (13312K), 2 survivors (2048K)
 Metaspace       used 56147K, committed 56704K, reserved 1105920K
  class space    used 7493K, committed 7744K, reserved 1048576K
}
Event: 90.511 GC heap after
{Heap after GC invocations=27 (full 0):
 garbage-first heap   total 91136K, used 53076K [0x0000000080000000, 0x0000000100000000)
  region size 1024K, 1 young (1024K), 1 survivors (1024K)
 Metaspace       used 56147K, committed 56704K, reserved 1105920K
  class space    used 7493K, committed 7744K, reserved 1048576K
}
Event: 91.032 GC heap before
{Heap before GC invocations=28 (full 0):
 garbage-first heap   total 94208K, used 65364K [0x0000000080000000, 0x0000000100000000)
  region size 1024K, 13 young (13312K), 1 survivors (1024K)
 Metaspace       used 58149K, committed 58688K, reserved 1105920K
  class space    used 7719K, committed 7936K, reserved 1048576K
}
Event: 91.035 GC heap after
{Heap after GC invocations=29 (full 0):
 garbage-first heap   total 94208K, used 53526K [0x0000000080000000, 0x0000000100000000)
  region size 1024K, 1 young (1024K), 1 survivors (1024K)
 Metaspace       used 58149K, committed 58688K, reserved 1105920K
  class space    used 7719K, committed 7936K, reserved 1048576K
}
Event: 91.200 GC heap before
{Heap before GC invocations=29 (full 0):
 garbage-first heap   total 94208K, used 56598K [0x0000000080000000, 0x0000000100000000)
  region size 1024K, 4 young (4096K), 1 survivors (1024K)
 Metaspace       used 58918K, committed 59456K, reserved 1105920K
  class space    used 7810K, committed 8064K, reserved 1048576K
}
Event: 91.204 GC heap after
{Heap after GC invocations=30 (full 0):
 garbage-first heap   total 94208K, used 53010K [0x0000000080000000, 0x0000000100000000)
  region size 1024K, 1 young (1024K), 1 survivors (1024K)
 Metaspace       used 58918K, committed 59456K, reserved 1105920K
  class space    used 7810K, committed 8064K, reserved 1048576K
}
Event: 92.003 GC heap before
{Heap before GC invocations=30 (full 0):
 garbage-first heap   total 94208K, used 67346K [0x0000000080000000, 0x0000000100000000)
  region size 1024K, 16 young (16384K), 1 survivors (1024K)
 Metaspace       used 61115K, committed 61696K, reserved 1105920K
  class space    used 8048K, committed 8320K, reserved 1048576K
}
Event: 92.008 GC heap after
{Heap after GC invocations=31 (full 0):
 garbage-first heap   total 94208K, used 53662K [0x0000000080000000, 0x0000000100000000)
  region size 1024K, 2 young (2048K), 2 survivors (2048K)
 Metaspace       used 61115K, committed 61696K, reserved 1105920K
  class space    used 8048K, committed 8320K, reserved 1048576K
}
Event: 92.991 GC heap before
{Heap before GC invocations=32 (full 0):
 garbage-first heap   total 96256K, used 70046K [0x0000000080000000, 0x0000000100000000)
  region size 1024K, 18 young (18432K), 2 survivors (2048K)
 Metaspace       used 64048K, committed 64576K, reserved 1105920K
  class space    used 8479K, committed 8704K, reserved 1048576K
}
Event: 92.996 GC heap after
{Heap after GC invocations=33 (full 0):
 garbage-first heap   total 96256K, used 54853K [0x0000000080000000, 0x0000000100000000)
  region size 1024K, 3 young (3072K), 3 survivors (3072K)
 Metaspace       used 64048K, committed 64576K, reserved 1105920K
  class space    used 8479K, committed 8704K, reserved 1048576K
}
Event: 93.177 GC heap before
{Heap before GC invocations=33 (full 0):
 garbage-first heap   total 96256K, used 57925K [0x0000000080000000, 0x0000000100000000)
  region size 1024K, 8 young (8192K), 3 survivors (3072K)
 Metaspace       used 65378K, committed 65920K, reserved 1105920K
  class space    used 8623K, committed 8832K, reserved 1048576K
}
Event: 93.182 GC heap after
{Heap after GC invocations=34 (full 0):
 garbage-first heap   total 96256K, used 55970K [0x0000000080000000, 0x0000000100000000)
  region size 1024K, 3 young (3072K), 3 survivors (3072K)
 Metaspace       used 65378K, committed 65920K, reserved 1105920K
  class space    used 8623K, committed 8832K, reserved 1048576K
}

